<?xml version="1.0" encoding="UTF-8"?>
<!-- Generated by org.testng.reporters.JUnitReportReporter -->
<testsuite hostname="HCAH-L-PG02FMZX" failures="0" tests="1" name="baseTest.BaseTest" time="0.741" errors="0" timestamp="2023-07-26T16:56:08 IST" skipped="0">
  <testcase classname="baseTest.BaseTest" name="baseTest" time="0.741"/>
</testsuite> <!-- baseTest.BaseTest -->
