<?xml version="1.0" encoding="UTF-8"?>
<!-- Generated by org.testng.reporters.JUnitReportReporter -->
<testsuite hostname="HCAH-L-PG02FMZX" failures="0" tests="4" name="physioLeadAndOrder_TCs.TC_ServiceAvailableDates" time="4.977" errors="0" timestamp="2023-08-29T19:42:46 IST" skipped="0">
  <testcase classname="physioLeadAndOrder_TCs.TC_ServiceAvailableDates" name="getPhysioServiceDaysList" time="2.439"/>
  <testcase classname="physioLeadAndOrder_TCs.TC_ServiceAvailableDates" name="getPhysioAvailableSlots" time="1.010"/>
  <testcase classname="physioLeadAndOrder_TCs.TC_ServiceAvailableDates" name="getAvailablePhysioList" time="0.704"/>
  <testcase classname="physioLeadAndOrder_TCs.TC_ServiceAvailableDates" name="CreatePhysioOrderWithValidPayload" time="0.824"/>
</testsuite> <!-- physioLeadAndOrder_TCs.TC_ServiceAvailableDates -->
