<?xml version="1.0" encoding="UTF-8"?>
<!-- Generated by org.testng.reporters.JUnitReportReporter -->
<testsuite hostname="HCAH-L-PG02FMZX" failures="0" tests="2" name="cgLeadAndOrder_TCs.TC_CGOrderCreate" time="0.845" errors="0" timestamp="2023-08-21T13:34:17 IST" skipped="0">
  <testcase classname="cgLeadAndOrder_TCs.TC_CGOrderCreate" name="CreateCGLeadWithValidPayload" time="0.555"/>
  <testcase classname="cgLeadAndOrder_TCs.TC_CGOrderCreate" name="CreateCGOrderWithValidPayload" time="0.290"/>
</testsuite> <!-- cgLeadAndOrder_TCs.TC_CGOrderCreate -->
