<?xml version="1.0" encoding="UTF-8"?>
<!-- Generated by org.testng.reporters.JUnitReportReporter -->
<testsuite hostname="HCAH-L-PG02FMZX" failures="0" tests="1" name="cgLeadAndOrder_TCs.TC_CGGetServiceDaysList" time="0.644" errors="0" timestamp="2023-08-21T13:34:17 IST" skipped="0">
  <testcase classname="cgLeadAndOrder_TCs.TC_CGGetServiceDaysList" name="GetCGServiceDaysList" time="0.644"/>
</testsuite> <!-- cgLeadAndOrder_TCs.TC_CGGetServiceDaysList -->
