<?xml version="1.0" encoding="UTF-8"?>
<!-- Generated by org.testng.reporters.JUnitReportReporter -->
<testsuite hostname="HCAH-L-PG02FMZX" failures="0" tests="1" name="physioLeadAndOrder_TCs.TC_PhysioLeadCreate" time="1.678" errors="0" timestamp="2023-08-28T13:12:30 IST" skipped="0">
  <testcase classname="physioLeadAndOrder_TCs.TC_PhysioLeadCreate" name="VerifyPhysioLeadCreateWithValidPayload" time="1.678"/>
</testsuite> <!-- physioLeadAndOrder_TCs.TC_PhysioLeadCreate -->
